\BOOKMARK [0][]{section*.1}{List of Tables}{}% 1
\BOOKMARK [0][]{section*.2}{List of Figures}{}% 2
\BOOKMARK [0][]{chapter.1}{Introduction to Neural Networks}{}% 3
\BOOKMARK [1][]{section.1.1}{Biological Perspective}{chapter.1}% 4
\BOOKMARK [1][]{section.1.2}{Principles}{chapter.1}% 5
\BOOKMARK [1][]{section.1.3}{The Perceptron}{chapter.1}% 6
\BOOKMARK [2][]{subsection.1.3.1}{Basic structure}{section.1.3}% 7
\BOOKMARK [2][]{subsection.1.3.2}{Activation functions}{section.1.3}% 8
\BOOKMARK [2][]{subsection.1.3.3}{Multi-Layer Perceptron}{section.1.3}% 9
\BOOKMARK [1][]{section.1.4}{Back Propagation Training Algorithm}{chapter.1}% 10
\BOOKMARK [2][]{subsection.1.4.1}{The Algorithm}{section.1.4}% 11
\BOOKMARK [2][]{subsection.1.4.2}{Refinements and Extensions of BP}{section.1.4}% 12
\BOOKMARK [0][]{chapter.2}{Genetic Algorithms: a brief overview}{}% 13
\BOOKMARK [1][]{section.2.1}{Definitions and Setting}{chapter.2}% 14
\BOOKMARK [1][]{section.2.2}{The Algorithm}{chapter.2}% 15
\BOOKMARK [2][]{subsection.2.2.1}{Selection}{section.2.2}% 16
\BOOKMARK [2][]{subsection.2.2.2}{Reproduction}{section.2.2}% 17
\BOOKMARK [2][]{subsection.2.2.3}{Mutation}{section.2.2}% 18
\BOOKMARK [1][]{section.2.3}{Holland Theorem}{chapter.2}% 19
\BOOKMARK [2][]{subsection.2.3.1}{Definitions}{section.2.3}% 20
\BOOKMARK [2][]{subsection.2.3.2}{Behavior of Genetic Algorithms}{section.2.3}% 21
\BOOKMARK [0][]{chapter.3}{Neural Cryptography: History}{}% 22
\BOOKMARK [1][]{section.3.1}{Pioneers of Neural Cryptography}{chapter.3}% 23
\BOOKMARK [1][]{section.3.2}{Neural Networks in Cryptography: an interesting attempt}{chapter.3}% 24
\BOOKMARK [2][]{subsection.3.2.1}{Genetic Algorithms in Neural Network Design}{section.3.2}% 25
\BOOKMARK [2][]{subsection.3.2.2}{Voln\341's experiment}{section.3.2}% 26
\BOOKMARK [1][]{section.3.3}{The KKK Key Exchange Protocol}{chapter.3}% 27
\BOOKMARK [2][]{subsection.3.3.1}{The Protocol}{section.3.3}% 28
\BOOKMARK [2][]{subsection.3.3.2}{More details on Synchronization}{section.3.3}% 29
\BOOKMARK [2][]{subsection.3.3.3}{Attacking KKK}{section.3.3}% 30
\BOOKMARK [0][]{chapter.4}{Adversarial Neural Cryptography}{}% 31
\BOOKMARK [1][]{section.4.1}{Google's Model}{chapter.4}% 32
\BOOKMARK [2][]{subsection.4.1.1}{Cryptosystem Organization}{section.4.1}% 33
\BOOKMARK [2][]{subsection.4.1.2}{ANC and selective protection}{section.4.1}% 34
\BOOKMARK [1][]{section.4.2}{Improvements: CPA-ANC}{chapter.4}% 35
\BOOKMARK [2][]{subsection.4.2.1}{Chosen-Plaintext Attack ANC}{section.4.2}% 36
\BOOKMARK [2][]{subsection.4.2.2}{Neural Network Architecture}{section.4.2}% 37
\BOOKMARK [2][]{subsection.4.2.3}{Method}{section.4.2}% 38
\BOOKMARK [0][]{chapter.5}{Chapter title}{}% 39
\BOOKMARK [1][]{section.5.1}{Another section}{chapter.5}% 40
